Arguments: 
  C:\Program Files\nodejs\node.exe C:\Program Files (x86)\Yarn\bin\yarn.js install

PATH: 
  C:\Program Files\nodejs\node_modules\npm\node_modules\npm-lifecycle\node-gyp-bin;C:\Users\dklinga\Desktop\mern-react-auth-master\node_modules\.bin;C:\WINDOWS\system32;C:\WINDOWS;C:\WINDOWS\System32\Wbem;C:\WINDOWS\System32\WindowsPowerShell\v1.0\;C:\WINDOWS\System32\WindowsPowerShell\v1.0\;C:\Users\dklinga\.dnx\bin;C:\Program Files\Microsoft DNX\Dnvm\;C:\Program Files\Microsoft SQL Server\120\Tools\Binn\;C:\Program Files (x86)\Citrix\ICAService\;C:\Program Files (x86)\Citrix\System32\;C:\Program Files\Git\cmd;C:\Program Files\nodejs\;C:\Program Files (x86)\MySQL\MySQL Utilities 1.6\;C:\Program Files (x86)\Yarn\bin\C:\Program Files\MongoDB\Server\4.0\bin;C:\Program Files (x86)\Yarn\bin\;C:\WINDOWS\system32;C:\WINDOWS;C:\WINDOWS\System32\Wbem;C:\WINDOWS\System32\WindowsPowerShell\v1.0\;C:\WINDOWS\System32\WindowsPowerShell\v1.0\;C:\Users\dklinga\.dnx\bin;C:\blp\DAPI;C:\blp\DAPI\DDE;C:\Program Files\Microsoft DNX\Dnvm\;C:\Program Files\Microsoft SQL Server\120\Tools\Binn\;C:\Program Files (x86)\Citrix\ICAService\;C:\Program Files (x86)\Citrix\System32\;C:\Program Files\Git\cmd;C:\Program Files\nodejs\;C:\Program Files (x86)\MySQL\MySQL Utilities 1.6\;C:\Program Files (x86)\Yarn\bin\C:\Program Files\MongoDB\Server\4.0\bin;C:\Users\dklinga\AppData\Local\Yarn\bin

Yarn version: 
  1.7.0

Node version: 
  10.0.0

Platform: 
  win32 x64

Trace: 
  Error: self signed certificate in certificate chain
      at TLSSocket.onConnectSecure (_tls_wrap.js:1060:34)
      at TLSSocket.emit (events.js:182:13)
      at TLSSocket._finishInit (_tls_wrap.js:639:8)

npm manifest: 
  {
    "name": "client",
    "version": "0.1.0",
    "proxy": "http://localhost:3001/",
    "private": true,
    "dependencies": {
      "react": "^16.4.1",
      "react-dom": "^16.4.1",
      "react-router-dom": "^4.3.1",
      "react-scripts": "1.1.4"
    },
    "scripts": {
      "start": "react-scripts start",
      "build": "react-scripts build",
      "test": "react-scripts test --env=jsdom",
      "eject": "react-scripts eject"
    }
  }

yarn manifest: 
  No manifest

Lockfile: 
  No lockfile
